\BOOKMARK [1][-]{Doc-Start}{Biographical Sketch}{}% 1
\BOOKMARK [1][-]{chapter*.1}{Dedication}{}% 2
\BOOKMARK [1][-]{chapter*.1}{Acknowledgements}{}% 3
\BOOKMARK [1][-]{chapter*.2}{Table of Contents}{}% 4
\BOOKMARK [1][-]{chapter*.3}{List of Tables}{}% 5
\BOOKMARK [1][-]{chapter*.4}{List of Figures}{}% 6
\BOOKMARK [0][-]{chapter.1}{Functional connectome reorganization is associated with structural connectome distruption and motor recovery}{}% 7
\BOOKMARK [1][-]{subsection.1.0.1}{Data description}{chapter.1}% 8
\BOOKMARK [2][-]{subsection.1.0.2}{Structural data processing}{subsection.1.0.1}% 9
\BOOKMARK [2][-]{subsection.1.0.3}{Functional data processing}{subsection.1.0.1}% 10
\BOOKMARK [2][-]{subsection.1.0.4}{Functional connectivity calculation}{subsection.1.0.1}% 11
\BOOKMARK [2][-]{subsection.1.0.5}{Graph matching}{subsection.1.0.1}% 12
\BOOKMARK [2][-]{subsection.1.0.6}{Quantification of functional reorganization}{subsection.1.0.1}% 13
\BOOKMARK [2][-]{subsection.1.0.7}{Statistical analyses}{subsection.1.0.1}% 14
\BOOKMARK [2][-]{subsection.1.0.8}{Functional reorganization is primarily observed in the brainstem and cerebellum}{subsection.1.0.1}% 15
\BOOKMARK [2][-]{subsection.1.0.9}{Regions with greater structural and functional disconnection have more functional reorganization over time}{subsection.1.0.1}% 16
\BOOKMARK [2][-]{subsection.1.0.10}{Functional reorganization is related to impairment and recovery}{subsection.1.0.1}% 17
\BOOKMARK [2][-]{subsection.1.0.11}{Limitations}{subsection.1.0.1}% 18
\BOOKMARK [1][-]{section.1.1}{Conclusion}{chapter.1}% 19
\BOOKMARK [0][-]{chapter.2}{Chapter 2}{}% 20
\BOOKMARK [1][-]{section.2.1}{Introduction}{chapter.2}% 21
\BOOKMARK [1][-]{section.2.2}{Methods}{chapter.2}% 22
\BOOKMARK [1][-]{section.2.3}{Results}{chapter.2}% 23
\BOOKMARK [1][-]{section.2.4}{Discussion}{chapter.2}% 24
\BOOKMARK [1][-]{section.2.5}{Conclusions}{chapter.2}% 25
\BOOKMARK [0][-]{chapter.3}{Chapter 3}{}% 26
\BOOKMARK [1][-]{section.3.1}{Introduction}{chapter.3}% 27
\BOOKMARK [0][-]{chapter*.31}{Bibliography}{}% 28
