This is pdfTeX, Version 3.14159265-2.6-1.40.21 (TeX Live 2020) (preloaded format=pdflatex 2020.4.7)  30 JAN 2023 11:40
entering extended mode
 restricted \write18 enabled.
 %&-line parsing enabled.
**main.tex
(./main.tex
LaTeX2e <2020-02-02> patch level 5
L3 programming layer <2020-03-06> (./cornell.cls
Document Class: cornell 2008/4/17 v2.9 Cornell University thesis class
(/usr/local/texlive/2020/texmf-dist/tex/latex/base/report.cls
Document Class: report 2019/12/20 v1.4l Standard LaTeX document class
(/usr/local/texlive/2020/texmf-dist/tex/latex/base/size12.clo
File: size12.clo 2019/12/20 v1.4l Standard LaTeX file (size option)
)
\c@part=\count167
\c@chapter=\count168
\c@section=\count169
\c@subsection=\count170
\c@subsubsection=\count171
\c@paragraph=\count172
\c@subparagraph=\count173
\c@figure=\count174
\c@table=\count175
\abovecaptionskip=\skip47
\belowcaptionskip=\skip48
\bibindent=\dimen134
)
\@abhdskip=\skip49
)
(/usr/local/texlive/2020/texmf-dist/tex/latex/base/inputenc.sty
Package: inputenc 2018/08/11 v1.3c Input encoding file
\inpenc@prehook=\toks15
\inpenc@posthook=\toks16
)
(/usr/local/texlive/2020/texmf-dist/tex/latex/graphics/graphicx.sty
Package: graphicx 2019/11/30 v1.2a Enhanced LaTeX Graphics (DPC,SPQR)

(/usr/local/texlive/2020/texmf-dist/tex/latex/graphics/keyval.sty
Package: keyval 2014/10/28 v1.15 key=value parser (DPC)
\KV@toks@=\toks17
)
(/usr/local/texlive/2020/texmf-dist/tex/latex/graphics/graphics.sty
Package: graphics 2019/11/30 v1.4a Standard LaTeX Graphics (DPC,SPQR)

(/usr/local/texlive/2020/texmf-dist/tex/latex/graphics/trig.sty
Package: trig 2016/01/03 v1.10 sin cos tan (DPC)
)
(/usr/local/texlive/2020/texmf-dist/tex/latex/graphics-cfg/graphics.cfg
File: graphics.cfg 2016/06/04 v1.11 sample graphics configuration
)
Package graphics Info: Driver file: pdftex.def on input line 105.

(/usr/local/texlive/2020/texmf-dist/tex/latex/graphics-def/pdftex.def
File: pdftex.def 2018/01/08 v1.0l Graphics/color driver for pdftex
))
\Gin@req@height=\dimen135
\Gin@req@width=\dimen136
)
(/usr/local/texlive/2020/texmf-dist/tex/latex/pstricks/pstricks.sty
Package: pstricks 2018/12/21 v0.69 LaTeX wrapper for `PSTricks' (RN,HV)

(/usr/local/texlive/2020/texmf-dist/tex/generic/iftex/iftex.sty
Package: iftex 2020/03/06 v1.0d TeX engine tests
)
(/usr/local/texlive/2020/texmf-dist/tex/latex/tools/shellesc.sty
Package: shellesc 2019/11/08 v1.0c unified shell escape interface for LaTeX
Package shellesc Info: Restricted shell escape enabled on input line 77.
)
(/usr/local/texlive/2020/texmf-dist/tex/latex/xcolor/xcolor.sty
Package: xcolor 2016/05/11 v2.12 LaTeX color extensions (UK)

(/usr/local/texlive/2020/texmf-dist/tex/latex/graphics-cfg/color.cfg
File: color.cfg 2016/01/02 v1.6 sample color configuration
)
Package xcolor Info: Driver file: pdftex.def on input line 225.
Package xcolor Info: Model `cmy' substituted by `cmy0' on input line 1348.
Package xcolor Info: Model `hsb' substituted by `rgb' on input line 1352.
Package xcolor Info: Model `RGB' extended on input line 1364.
Package xcolor Info: Model `HTML' substituted by `rgb' on input line 1366.
Package xcolor Info: Model `Hsb' substituted by `hsb' on input line 1367.
Package xcolor Info: Model `tHsb' substituted by `hsb' on input line 1368.
Package xcolor Info: Model `HSB' substituted by `hsb' on input line 1369.
Package xcolor Info: Model `Gray' substituted by `gray' on input line 1370.
Package xcolor Info: Model `wave' substituted by `hsb' on input line 1371.
)
(/usr/local/texlive/2020/texmf-dist/tex/generic/xkeyval/pst-xkey.tex
File: pst-xkey.tex 2005/11/25 v1.6 PSTricks specialization of xkeyval (HA)

(/usr/local/texlive/2020/texmf-dist/tex/latex/xkeyval/xkeyval.sty
Package: xkeyval 2014/12/03 v2.7a package option processing (HA)

(/usr/local/texlive/2020/texmf-dist/tex/generic/xkeyval/xkeyval.tex
(/usr/local/texlive/2020/texmf-dist/tex/generic/xkeyval/xkvutils.tex
\XKV@toks=\toks18
\XKV@tempa@toks=\toks19
)
\XKV@depth=\count176
File: xkeyval.tex 2014/12/03 v2.7a key=value parser (HA)
)))
(/usr/local/texlive/2020/texmf-dist/tex/generic/pstricks/pstricks.tex
(/usr/local/texlive/2020/texmf-dist/tex/generic/pstricks/pst-fp.tex
`pst-fp' v0.05, 2010/01/17 (hv)
\pstFP@xs=\count177
\pstFP@xia=\count178
\pstFP@xib=\count179
\pstFP@xfa=\count180
\pstFP@xfb=\count181
\pstFP@rega=\count182
\pstFP@regb=\count183
\pstFP@regs=\count184
\pstFP@times=\count185
)
(/usr/local/texlive/2020/texmf-dist/tex/generic/pgf/utilities/pgfutil-common.te
x
\pgfutil@everybye=\toks20
\pgfutil@tempdima=\dimen137
\pgfutil@tempdimb=\dimen138

(/usr/local/texlive/2020/texmf-dist/tex/generic/pgf/utilities/pgfutil-common-li
sts.tex))
(/usr/local/texlive/2020/texmf-dist/tex/generic/pgf/utilities/pgfkeys.code.tex
\pgfkeys@pathtoks=\toks21
\pgfkeys@temptoks=\toks22

(/usr/local/texlive/2020/texmf-dist/tex/generic/pgf/utilities/pgfkeysfiltered.c
ode.tex
\pgfkeys@tmptoks=\toks23
))
(/usr/local/texlive/2020/texmf-dist/tex/generic/pgf/utilities/pgffor.code.tex
Loading pgffor.code.tex
(/usr/local/texlive/2020/texmf-dist/tex/generic/pgf/math/pgfmath.code.tex
(/usr/local/texlive/2020/texmf-dist/tex/generic/pgf/math/pgfmathcalc.code.tex
(/usr/local/texlive/2020/texmf-dist/tex/generic/pgf/math/pgfmathutil.code.tex
\pgf@x=\dimen139
\pgf@xa=\dimen140
\pgf@xb=\dimen141
\pgf@xc=\dimen142
\pgf@y=\dimen143
\pgf@ya=\dimen144
\pgf@yb=\dimen145
\pgf@yc=\dimen146
\c@pgf@counta=\count186
\c@pgf@countb=\count187
\c@pgf@countc=\count188
\c@pgf@countd=\count189
\pgfutil@tempcnta=\count190
\pgfutil@tempcntb=\count191
)
(/usr/local/texlive/2020/texmf-dist/tex/generic/pgf/math/pgfmathparser.code.tex
\pgfmath@dimen=\dimen147
\pgfmath@count=\count192
\pgfmath@box=\box45
\pgfmath@toks=\toks24
\pgfmath@stack@operand=\toks25
\pgfmath@stack@operation=\toks26
)
(/usr/local/texlive/2020/texmf-dist/tex/generic/pgf/math/pgfmathfunctions.code.
tex
(/usr/local/texlive/2020/texmf-dist/tex/generic/pgf/math/pgfmathfunctions.basic
.code.tex)
(/usr/local/texlive/2020/texmf-dist/tex/generic/pgf/math/pgfmathfunctions.trigo
nometric.code.tex)
(/usr/local/texlive/2020/texmf-dist/tex/generic/pgf/math/pgfmathfunctions.rando
m.code.tex)
(/usr/local/texlive/2020/texmf-dist/tex/generic/pgf/math/pgfmathfunctions.compa
rison.code.tex)
(/usr/local/texlive/2020/texmf-dist/tex/generic/pgf/math/pgfmathfunctions.base.
code.tex)
(/usr/local/texlive/2020/texmf-dist/tex/generic/pgf/math/pgfmathfunctions.round
.code.tex)
(/usr/local/texlive/2020/texmf-dist/tex/generic/pgf/math/pgfmathfunctions.misc.
code.tex)
(/usr/local/texlive/2020/texmf-dist/tex/generic/pgf/math/pgfmathfunctions.integ
erarithmetics.code.tex)))
(/usr/local/texlive/2020/texmf-dist/tex/generic/pgf/math/pgfmathfloat.code.tex
\c@pgfmathroundto@lastzeros=\count193
))
\pgffor@iter=\dimen148
\pgffor@skip=\dimen149
\pgffor@stack=\toks27
\pgffor@toks=\toks28
)
\psLoopIndex=\count194

`PSTricks' v2.97  <2019/05/11> (tvz,hv)
\pst@dima=\dimen150
\pst@dimb=\dimen151
\pst@dimc=\dimen152
\pst@dimd=\dimen153
\pst@dimg=\dimen154
\pst@dimh=\dimen155
\pst@dimm=\dimen156
\pst@dimn=\dimen157
\pst@dimo=\dimen158
\pst@dimp=\dimen159
\pst@hbox=\box46
\pst@ibox=\box47
\pst@boxg=\box48
\pst@cnta=\count195
\pst@cntb=\count196
\pst@cntc=\count197
\pst@cntd=\count198
\pst@cntg=\count199
\pst@cnth=\count266
\pst@cntm=\count267
\pst@cntn=\count268
\pst@cnto=\count269
\pst@cntp=\count270
\@zero=\count271
\pst@toks=\toks29
(/usr/local/texlive/2020/texmf-dist/tex/generic/pstricks/pstricks.con)
\psunit=\dimen160
\psxunit=\dimen161
\psyunit=\dimen162
\pst@C@@rType=\count272
\pslinewidth=\dimen163
\psk@startLW=\dimen164
\psk@endLW=\dimen165
\pst@customdefs=\toks30
\pslinearc=\dimen166
\pst@symbolStep=\dimen167
\pst@symbolWidth=\dimen168
\pst@symbolLinewidth=\dimen169
\everypsbox=\toks31
\psframesep=\dimen170
\pslabelsep=\dimen171
\sh@wgridXunit=\dimen172
\sh@wgridYunit=\dimen173
\pst@shift=\dimen174
)
File: pstricks.tex 2019/05/11 v2.97 `PSTricks' (tvz,hv)

(/usr/local/texlive/2020/texmf-dist/tex/generic/pstricks/pst-fp.tex)
File: pst-fp.tex 2019/05/11 v2.97 `PST-fp' (hv)
)
(/usr/local/texlive/2020/texmf-dist/tex/latex/microtype/microtype.sty
Package: microtype 2019/11/18 v2.7d Micro-typographical refinements (RS)
\MT@toks=\toks32
\MT@count=\count273
LaTeX Info: Redefining \textls on input line 790.
\MT@outer@kern=\dimen175
LaTeX Info: Redefining \textmicrotypecontext on input line 1354.
\MT@listname@count=\count274

(/usr/local/texlive/2020/texmf-dist/tex/latex/microtype/microtype-pdftex.def
File: microtype-pdftex.def 2019/11/18 v2.7d Definitions specific to pdftex (RS)

LaTeX Info: Redefining \lsstyle on input line 914.
LaTeX Info: Redefining \lslig on input line 914.
\MT@outer@space=\skip50
)
Package microtype Info: Loading configuration file microtype.cfg.

(/usr/local/texlive/2020/texmf-dist/tex/latex/microtype/microtype.cfg
File: microtype.cfg 2019/11/18 v2.7d microtype main configuration file (RS)
))
(/usr/local/texlive/2020/texmf-dist/tex/latex/moreverb/moreverb.sty
Package: moreverb 2008/06/03 v2.3a `more' verbatim facilities

(/usr/local/texlive/2020/texmf-dist/tex/latex/tools/verbatim.sty
Package: verbatim 2019/11/10 v1.5r LaTeX2e package for verbatim enhancements
\every@verbatim=\toks33
\verbatim@line=\toks34
\verbatim@in@stream=\read2
)
\tab@position=\count275
\tab@size=\count276
\listing@line=\count277
)
(/usr/local/texlive/2020/texmf-dist/tex/latex/subfigure/subfigure.sty
Package: subfigure 2002/03/15 v2.1.5 subfigure package
\subfigtopskip=\skip51
\subfigcapskip=\skip52
\subfigcaptopadj=\dimen176
\subfigbottomskip=\skip53
\subfigcapmargin=\dimen177
\subfiglabelskip=\skip54
\c@subfigure=\count278
\c@lofdepth=\count279
\c@subtable=\count280
\c@lotdepth=\count281

****************************************
* Local config file subfigure.cfg used *
****************************************
(/usr/local/texlive/2020/texmf-dist/tex/latex/subfigure/subfigure.cfg)
\subfig@top=\skip55
\subfig@bottom=\skip56
)
(/usr/local/texlive/2020/texmf-dist/tex/latex/graphics/epsfig.sty
Package: epsfig 2017/06/25 v1.7b (e)psfig emulation (SPQR)
\epsfxsize=\dimen178
\epsfysize=\dimen179
)
(./hangcaption.sty
\captionwidth=\skip57
)
(/usr/local/texlive/2020/texmf-dist/tex/latex/txfonts/txfonts.sty
Package: txfonts 2008/01/22 v3.2.1
LaTeX Font Info:    Redeclaring symbol font `operators' on input line 21.
LaTeX Font Info:    Overwriting symbol font `operators' in version `normal'
(Font)                  OT1/cmr/m/n --> OT1/txr/m/n on input line 21.
LaTeX Font Info:    Overwriting symbol font `operators' in version `bold'
(Font)                  OT1/cmr/bx/n --> OT1/txr/m/n on input line 21.
LaTeX Font Info:    Overwriting symbol font `operators' in version `bold'
(Font)                  OT1/txr/m/n --> OT1/txr/bx/n on input line 22.
\symitalic=\mathgroup4
LaTeX Font Info:    Overwriting symbol font `italic' in version `bold'
(Font)                  OT1/txr/m/it --> OT1/txr/bx/it on input line 26.
LaTeX Font Info:    Redeclaring math alphabet \mathbf on input line 29.
LaTeX Font Info:    Overwriting math alphabet `\mathbf' in version `normal'
(Font)                  OT1/cmr/bx/n --> OT1/txr/bx/n on input line 29.
LaTeX Font Info:    Overwriting math alphabet `\mathbf' in version `bold'
(Font)                  OT1/cmr/bx/n --> OT1/txr/bx/n on input line 29.
LaTeX Font Info:    Redeclaring math alphabet \mathit on input line 30.
LaTeX Font Info:    Overwriting math alphabet `\mathit' in version `normal'
(Font)                  OT1/cmr/m/it --> OT1/txr/m/it on input line 30.
LaTeX Font Info:    Overwriting math alphabet `\mathit' in version `bold'
(Font)                  OT1/cmr/bx/it --> OT1/txr/m/it on input line 30.
LaTeX Font Info:    Overwriting math alphabet `\mathit' in version `bold'
(Font)                  OT1/txr/m/it --> OT1/txr/bx/it on input line 31.
LaTeX Font Info:    Redeclaring math alphabet \mathsf on input line 40.
LaTeX Font Info:    Overwriting math alphabet `\mathsf' in version `normal'
(Font)                  OT1/cmss/m/n --> OT1/txss/m/n on input line 40.
LaTeX Font Info:    Overwriting math alphabet `\mathsf' in version `bold'
(Font)                  OT1/cmss/bx/n --> OT1/txss/m/n on input line 40.
LaTeX Font Info:    Overwriting math alphabet `\mathsf' in version `bold'
(Font)                  OT1/txss/m/n --> OT1/txss/b/n on input line 41.
LaTeX Font Info:    Redeclaring math alphabet \mathtt on input line 50.
LaTeX Font Info:    Overwriting math alphabet `\mathtt' in version `normal'
(Font)                  OT1/cmtt/m/n --> OT1/txtt/m/n on input line 50.
LaTeX Font Info:    Overwriting math alphabet `\mathtt' in version `bold'
(Font)                  OT1/cmtt/m/n --> OT1/txtt/m/n on input line 50.
LaTeX Font Info:    Overwriting math alphabet `\mathtt' in version `bold'
(Font)                  OT1/txtt/m/n --> OT1/txtt/b/n on input line 51.
LaTeX Font Info:    Redeclaring symbol font `letters' on input line 58.
LaTeX Font Info:    Overwriting symbol font `letters' in version `normal'
(Font)                  OML/cmm/m/it --> OML/txmi/m/it on input line 58.
LaTeX Font Info:    Overwriting symbol font `letters' in version `bold'
(Font)                  OML/cmm/b/it --> OML/txmi/m/it on input line 58.
LaTeX Font Info:    Overwriting symbol font `letters' in version `bold'
(Font)                  OML/txmi/m/it --> OML/txmi/bx/it on input line 59.
\symlettersA=\mathgroup5
LaTeX Font Info:    Overwriting symbol font `lettersA' in version `bold'
(Font)                  U/txmia/m/it --> U/txmia/bx/it on input line 67.
LaTeX Font Info:    Redeclaring symbol font `symbols' on input line 77.
LaTeX Font Info:    Overwriting symbol font `symbols' in version `normal'
(Font)                  OMS/cmsy/m/n --> OMS/txsy/m/n on input line 77.
LaTeX Font Info:    Overwriting symbol font `symbols' in version `bold'
(Font)                  OMS/cmsy/b/n --> OMS/txsy/m/n on input line 77.
LaTeX Font Info:    Overwriting symbol font `symbols' in version `bold'
(Font)                  OMS/txsy/m/n --> OMS/txsy/bx/n on input line 78.
\symAMSa=\mathgroup6
LaTeX Font Info:    Overwriting symbol font `AMSa' in version `bold'
(Font)                  U/txsya/m/n --> U/txsya/bx/n on input line 94.
\symAMSb=\mathgroup7
LaTeX Font Info:    Overwriting symbol font `AMSb' in version `bold'
(Font)                  U/txsyb/m/n --> U/txsyb/bx/n on input line 103.
\symsymbolsC=\mathgroup8
LaTeX Font Info:    Overwriting symbol font `symbolsC' in version `bold'
(Font)                  U/txsyc/m/n --> U/txsyc/bx/n on input line 113.
LaTeX Font Info:    Redeclaring symbol font `largesymbols' on input line 120.
LaTeX Font Info:    Overwriting symbol font `largesymbols' in version `normal'
(Font)                  OMX/cmex/m/n --> OMX/txex/m/n on input line 120.
LaTeX Font Info:    Overwriting symbol font `largesymbols' in version `bold'
(Font)                  OMX/cmex/m/n --> OMX/txex/m/n on input line 120.
LaTeX Font Info:    Overwriting symbol font `largesymbols' in version `bold'
(Font)                  OMX/txex/m/n --> OMX/txex/bx/n on input line 121.
\symlargesymbolsA=\mathgroup9
LaTeX Font Info:    Overwriting symbol font `largesymbolsA' in version `bold'
(Font)                  U/txexa/m/n --> U/txexa/bx/n on input line 129.
LaTeX Font Info:    Redeclaring math symbol \mathsterling on input line 164.
LaTeX Font Info:    Redeclaring math symbol \hbar on input line 591.
LaTeX Info: Redefining \not on input line 1043.
)
(/usr/local/texlive/2020/texmf-dist/tex/latex/psnfss/palatino.sty
Package: palatino 2005/04/12 PSNFSS-v9.2a (SPQR) 
)
(/usr/local/texlive/2020/texmf-dist/tex/latex/subfiles/subfiles.sty
Package: subfiles 2020/02/14 v1.6 Multi-file projects (package)

(/usr/local/texlive/2020/texmf-dist/tex/latex/import/import.sty
Package: import 2020/01/22  v 6.0
))
(/usr/local/texlive/2020/texmf-dist/tex/latex/tools/bm.sty
Package: bm 2019/07/24 v1.2d Bold Symbol Support (DPC/FMi)
\symboldoperators=\mathgroup10
\symboldletters=\mathgroup11
\symboldsymbols=\mathgroup12
\symboldlargesymbols=\mathgroup13
LaTeX Font Info:    Redeclaring math alphabet \mathbf on input line 141.
LaTeX Info: Redefining \bm on input line 209.
)
(/usr/local/texlive/2020/texmf-dist/tex/latex/tools/array.sty
Package: array 2019/08/31 v2.4l Tabular extension package (FMi)
\col@sep=\dimen180
\ar@mcellbox=\box49
\extrarowheight=\dimen181
\NC@list=\toks35
\extratabsurround=\skip58
\backup@length=\skip59
\ar@cellbox=\box50
)
(/usr/local/texlive/2020/texmf-dist/tex/latex/hyperref/hyperref.sty
Package: hyperref 2020/01/14 v7.00d Hypertext links for LaTeX

(/usr/local/texlive/2020/texmf-dist/tex/generic/ltxcmds/ltxcmds.sty
Package: ltxcmds 2019/12/15 v1.24 LaTeX kernel commands for general use (HO)
)
(/usr/local/texlive/2020/texmf-dist/tex/latex/pdftexcmds/pdftexcmds.sty
Package: pdftexcmds 2019/11/24 v0.31 Utility functions of pdfTeX for LuaTeX (HO
)

(/usr/local/texlive/2020/texmf-dist/tex/generic/infwarerr/infwarerr.sty
Package: infwarerr 2019/12/03 v1.5 Providing info/warning/error messages (HO)
)
Package pdftexcmds Info: \pdf@primitive is available.
Package pdftexcmds Info: \pdf@ifprimitive is available.
Package pdftexcmds Info: \pdfdraftmode found.
)
(/usr/local/texlive/2020/texmf-dist/tex/generic/kvsetkeys/kvsetkeys.sty
Package: kvsetkeys 2019/12/15 v1.18 Key value parser (HO)
)
(/usr/local/texlive/2020/texmf-dist/tex/generic/kvdefinekeys/kvdefinekeys.sty
Package: kvdefinekeys 2019-12-19 v1.6 Define keys (HO)
)
(/usr/local/texlive/2020/texmf-dist/tex/generic/pdfescape/pdfescape.sty
Package: pdfescape 2019/12/09 v1.15 Implements pdfTeX's escape features (HO)
)
(/usr/local/texlive/2020/texmf-dist/tex/latex/hycolor/hycolor.sty
Package: hycolor 2020-01-27 v1.10 Color options for hyperref/bookmark (HO)
)
(/usr/local/texlive/2020/texmf-dist/tex/latex/letltxmacro/letltxmacro.sty
Package: letltxmacro 2019/12/03 v1.6 Let assignment for LaTeX macros (HO)
)
(/usr/local/texlive/2020/texmf-dist/tex/latex/auxhook/auxhook.sty
Package: auxhook 2019-12-17 v1.6 Hooks for auxiliary files (HO)
)
(/usr/local/texlive/2020/texmf-dist/tex/latex/kvoptions/kvoptions.sty
Package: kvoptions 2019/11/29 v3.13 Key value format for package options (HO)
)
\@linkdim=\dimen182
\Hy@linkcounter=\count282
\Hy@pagecounter=\count283

(/usr/local/texlive/2020/texmf-dist/tex/latex/hyperref/pd1enc.def
File: pd1enc.def 2020/01/14 v7.00d Hyperref: PDFDocEncoding definition (HO)
Now handling font encoding PD1 ...
... no UTF-8 mapping file for font encoding PD1
)
(/usr/local/texlive/2020/texmf-dist/tex/generic/intcalc/intcalc.sty
Package: intcalc 2019/12/15 v1.3 Expandable calculations with integers (HO)
)
(/usr/local/texlive/2020/texmf-dist/tex/generic/etexcmds/etexcmds.sty
Package: etexcmds 2019/12/15 v1.7 Avoid name clashes with e-TeX commands (HO)
)
\Hy@SavedSpaceFactor=\count284
Package hyperref Info: Hyper figures OFF on input line 4547.
Package hyperref Info: Link nesting OFF on input line 4552.
Package hyperref Info: Hyper index ON on input line 4555.
Package hyperref Info: Plain pages OFF on input line 4562.
Package hyperref Info: Backreferencing OFF on input line 4567.
Package hyperref Info: Implicit mode ON; LaTeX internals redefined.
Package hyperref Info: Bookmarks ON on input line 4800.
\c@Hy@tempcnt=\count285

(/usr/local/texlive/2020/texmf-dist/tex/latex/url/url.sty
\Urlmuskip=\muskip16
Package: url 2013/09/16  ver 3.4  Verb mode for urls, etc.
)
LaTeX Info: Redefining \url on input line 5159.
\XeTeXLinkMargin=\dimen183

(/usr/local/texlive/2020/texmf-dist/tex/generic/bitset/bitset.sty
Package: bitset 2019/12/09 v1.3 Handle bit-vector datatype (HO)

(/usr/local/texlive/2020/texmf-dist/tex/generic/bigintcalc/bigintcalc.sty
Package: bigintcalc 2019/12/15 v1.5 Expandable calculations on big integers (HO
)
))
\Fld@menulength=\count286
\Field@Width=\dimen184
\Fld@charsize=\dimen185
Package hyperref Info: Hyper figures OFF on input line 6430.
Package hyperref Info: Link nesting OFF on input line 6435.
Package hyperref Info: Hyper index ON on input line 6438.
Package hyperref Info: backreferencing OFF on input line 6445.
Package hyperref Info: Link coloring OFF on input line 6450.
Package hyperref Info: Link coloring with OCG OFF on input line 6455.
Package hyperref Info: PDF/A mode OFF on input line 6460.
LaTeX Info: Redefining \ref on input line 6500.
LaTeX Info: Redefining \pageref on input line 6504.

(/usr/local/texlive/2020/texmf-dist/tex/generic/atbegshi/atbegshi.sty
Package: atbegshi 2019/12/05 v1.19 At begin shipout hook (HO)
)
\Hy@abspage=\count287
\c@Item=\count288
\c@Hfootnote=\count289
)
Package hyperref Info: Driver (autodetected): hpdftex.

(/usr/local/texlive/2020/texmf-dist/tex/latex/hyperref/hpdftex.def
File: hpdftex.def 2020/01/14 v7.00d Hyperref driver for pdfTeX

(/usr/local/texlive/2020/texmf-dist/tex/latex/atveryend/atveryend.sty
Package: atveryend 2019-12-11 v1.11 Hooks at the very end of document (HO)
Package atveryend Info: \enddocument detected (standard20110627).
)
\Fld@listcount=\count290
\c@bookmark@seq@number=\count291

(/usr/local/texlive/2020/texmf-dist/tex/latex/rerunfilecheck/rerunfilecheck.sty
Package: rerunfilecheck 2019/12/05 v1.9 Rerun checks for auxiliary files (HO)

(/usr/local/texlive/2020/texmf-dist/tex/generic/uniquecounter/uniquecounter.sty
Package: uniquecounter 2019/12/15 v1.4 Provide unlimited unique counter (HO)
)
Package uniquecounter Info: New unique counter `rerunfilecheck' on input line 2
86.
)
\Hy@SectionHShift=\skip60
) (/usr/local/texlive/2020/texmf-dist/tex/latex/amsmath/amsbsy.sty
Package: amsbsy 1999/11/29 v1.2d Bold Symbols

(/usr/local/texlive/2020/texmf-dist/tex/latex/amsmath/amsgen.sty
File: amsgen.sty 1999/11/30 v2.0 generic functions
\@emptytoks=\toks36
\ex@=\dimen186
)
LaTeX Info: Redefining \boldsymbol on input line 28.
\pmbraise@=\dimen187
)
(/usr/local/texlive/2020/texmf-dist/tex/latex/caption/caption.sty
Package: caption 2020/01/03 v3.4h Customizing captions (AR)

(/usr/local/texlive/2020/texmf-dist/tex/latex/caption/caption3.sty
Package: caption3 2020/01/03 v1.8h caption3 kernel (AR)
Package caption3 Info: TeX engine: e-TeX on input line 61.
\captionmargin=\dimen188
\captionmargin@=\dimen189
\captionwidth=\dimen190
\caption@tempdima=\dimen191
\caption@indent=\dimen192
\caption@parindent=\dimen193
\caption@hangindent=\dimen194
Package caption Info: Standard document class detected.
)
\c@caption@flags=\count292
\c@continuedfloat=\count293
Package caption Info: hyperref package is loaded.
Package caption Info: subfigure package is loaded.
)
(/usr/local/texlive/2020/texmf-dist/tex/latex/tools/indentfirst.sty
Package: indentfirst 1995/11/23 v1.03 Indent first paragraph (DPC)
)
(/usr/local/texlive/2020/texmf-dist/tex/latex/booktabs/booktabs.sty
Package: booktabs 2020/01/12 v1.61803398 Publication quality tables
\heavyrulewidth=\dimen195
\lightrulewidth=\dimen196
\cmidrulewidth=\dimen197
\belowrulesep=\dimen198
\belowbottomsep=\dimen199
\aboverulesep=\dimen256
\abovetopsep=\dimen257
\cmidrulesep=\dimen258
\cmidrulekern=\dimen259
\defaultaddspace=\dimen260
\@cmidla=\count294
\@cmidlb=\count295
\@aboverulesep=\dimen261
\@belowrulesep=\dimen262
\@thisruleclass=\count296
\@lastruleclass=\count297
\@thisrulewidth=\dimen263
)
(/usr/local/texlive/2020/texmf-dist/tex/latex/nowidow/nowidow.sty
Package: nowidow 2011/09/20 1.0 Easily prevent widows and orphans
Package: nowidow 
)
(/usr/local/texlive/2020/texmf-dist/tex/latex/lipsum/lipsum.sty
(/usr/local/texlive/2020/texmf-dist/tex/latex/l3kernel/expl3.sty
Package: expl3 2020-03-06 L3 programming layer (loader) 

(/usr/local/texlive/2020/texmf-dist/tex/latex/l3backend/l3backend-pdfmode.def
File: l3backend-pdfmode.def 2020-03-12 L3 backend support: PDF mode
\l__kernel_color_stack_int=\count298
\l__pdf_internal_box=\box51
)) (/usr/local/texlive/2020/texmf-dist/tex/latex/l3packages/xparse/xparse.sty
Package: xparse 2020-03-06 L3 Experimental document command parser
\l__xparse_current_arg_int=\count299
\g__xparse_grabber_int=\count300
\l__xparse_m_args_int=\count301
\l__xparse_v_nesting_int=\count302
)
Package: lipsum 2019/01/02 v2.2 150 paragraphs of Lorem Ipsum dummy text

(/usr/local/texlive/2020/texmf-dist/tex/latex/lipsum/lipsum.ltd.tex
File: lipsum.ltd.tex 2019/01/02 v2.2 The Lorem ipsum dummy text
))
(./main.aux)
\openout1 = `main.aux'.

LaTeX Font Info:    Checking defaults for OML/txmi/m/it on input line 60.
LaTeX Font Info:    Trying to load font information for OML+txmi on input line 
60.
 (/usr/local/texlive/2020/texmf-dist/tex/latex/txfonts/omltxmi.fd
File: omltxmi.fd 2000/12/15 v3.1
)
LaTeX Font Info:    ... okay on input line 60.
LaTeX Font Info:    Checking defaults for OMS/txsy/m/n on input line 60.
LaTeX Font Info:    Trying to load font information for OMS+txsy on input line 
60.

(/usr/local/texlive/2020/texmf-dist/tex/latex/txfonts/omstxsy.fd
File: omstxsy.fd 2000/12/15 v3.1
)
LaTeX Font Info:    ... okay on input line 60.
LaTeX Font Info:    Checking defaults for OT1/cmr/m/n on input line 60.
LaTeX Font Info:    ... okay on input line 60.
LaTeX Font Info:    Checking defaults for T1/cmr/m/n on input line 60.
LaTeX Font Info:    ... okay on input line 60.
LaTeX Font Info:    Checking defaults for TS1/cmr/m/n on input line 60.
LaTeX Font Info:    ... okay on input line 60.
LaTeX Font Info:    Checking defaults for OMX/txex/m/n on input line 60.
LaTeX Font Info:    Trying to load font information for OMX+txex on input line 
60.

(/usr/local/texlive/2020/texmf-dist/tex/latex/txfonts/omxtxex.fd
File: omxtxex.fd 2000/12/15 v3.1
)
LaTeX Font Info:    ... okay on input line 60.
LaTeX Font Info:    Checking defaults for U/txexa/m/n on input line 60.
LaTeX Font Info:    Trying to load font information for U+txexa on input line 6
0.

(/usr/local/texlive/2020/texmf-dist/tex/latex/txfonts/utxexa.fd
File: utxexa.fd 2000/12/15 v3.1
)
LaTeX Font Info:    ... okay on input line 60.
LaTeX Font Info:    Checking defaults for PD1/pdf/m/n on input line 60.
LaTeX Font Info:    ... okay on input line 60.
LaTeX Font Info:    Trying to load font information for OT1+ppl on input line 6
0.

(/usr/local/texlive/2020/texmf-dist/tex/latex/psnfss/ot1ppl.fd
File: ot1ppl.fd 2001/06/04 font definitions for OT1/ppl.
)
(/usr/local/texlive/2020/texmf-dist/tex/context/base/mkii/supp-pdf.mkii
[Loading MPS to PDF converter (version 2006.09.02).]
\scratchcounter=\count303
\scratchdimen=\dimen264
\scratchbox=\box52
\nofMPsegments=\count304
\nofMParguments=\count305
\everyMPshowfont=\toks37
\MPscratchCnt=\count306
\MPscratchDim=\dimen265
\MPnumerator=\count307
\makeMPintoPDFobject=\count308
\everyMPtoPDFconversion=\toks38
) (/usr/local/texlive/2020/texmf-dist/tex/latex/epstopdf-pkg/epstopdf-base.sty
Package: epstopdf-base 2020-01-24 v2.11 Base part for package epstopdf
Package epstopdf-base Info: Redefining graphics rule for `.eps' on input line 4
85.

(/usr/local/texlive/2020/texmf-dist/tex/latex/latexconfig/epstopdf-sys.cfg
File: epstopdf-sys.cfg 2010/07/13 v1.3 Configuration of (r)epstopdf for TeX Liv
e
))
LaTeX Info: Redefining \microtypecontext on input line 60.
Package microtype Info: Generating PDF output.
Package microtype Info: Character protrusion enabled (level 2).
Package microtype Info: Using default protrusion set `alltext'.
Package microtype Info: Automatic font expansion enabled (level 2),
(microtype)             stretch: 20, shrink: 20, step: 1, non-selected.
Package microtype Info: Using default expansion set `basictext'.
LaTeX Info: Redefining \showhyphens on input line 60.
Package microtype Info: No adjustment of tracking.
Package microtype Info: No adjustment of interword spacing.
Package microtype Info: No adjustment of character kerning.

(/usr/local/texlive/2020/texmf-dist/tex/latex/microtype/mt-ppl.cfg
File: mt-ppl.cfg 2005/11/16 v1.6 microtype config. file: Palatino (RS)
)
\AtBeginShipoutBox=\box53
Package hyperref Info: Link coloring OFF on input line 60.

(/usr/local/texlive/2020/texmf-dist/tex/latex/hyperref/nameref.sty
Package: nameref 2019/09/16 v2.46 Cross-referencing by name of section

(/usr/local/texlive/2020/texmf-dist/tex/latex/refcount/refcount.sty
Package: refcount 2019/12/15 v3.6 Data extraction from label references (HO)
)
(/usr/local/texlive/2020/texmf-dist/tex/generic/gettitlestring/gettitlestring.s
ty
Package: gettitlestring 2019/12/15 v1.6 Cleanup title references (HO)
)
\c@section@level=\count309
)
LaTeX Info: Redefining \ref on input line 60.
LaTeX Info: Redefining \pageref on input line 60.
LaTeX Info: Redefining \nameref on input line 60.
 (./main.out) (./main.out)
\@outlinefile=\write3
\openout3 = `main.out'.

Package caption Info: Begin \AtBeginDocument code.
Package caption Info: End \AtBeginDocument code.

Title page
[1
Non-PDF special ignored!
<special> header=pstricks.pro
Non-PDF special ignored!
<special> header=pst-algparser.pro
Non-PDF special ignored!
<special> header=pst-tools.pro
Non-PDF special ignored!
<special> header=pst-dots.pro

Non-PDF special ignored!
<special> ps: /pssetRGBcolor /setrgbcolor load def /pssetCMYKcolor /setcmyk...
Non-PDF special ignored!
<special> ps:tx@Dict begin  gsave STV CP T /ps@rot 0 def grestore  end
Non-PDF special ignored!
<special> ps:tx@Dict begin  gsave STV CP T /ps@refangle 0.  def grestore  e...
{/usr/local/texlive/2020/texmf-var/fonts/map/pdftex/updmap/pdftex.map}]
Copyleft page
LaTeX Font Info:    Trying to load font information for TS1+ppl on input line 6
3.
(/usr/local/texlive/2020/texmf-dist/tex/latex/psnfss/ts1ppl.fd
File: ts1ppl.fd 2001/06/04 font definitions for TS1/ppl.
) [2

]
Abstract
[3

]
Vita
[3


] [4] [5

] [6


] (./main.toc
LaTeX Font Info:    Trying to load font information for OT1+txr on input line 1
.

(/usr/local/texlive/2020/texmf-dist/tex/latex/txfonts/ot1txr.fd
File: ot1txr.fd 2000/12/15 v3.1
)
(/usr/local/texlive/2020/texmf-dist/tex/latex/microtype/mt-ptm.cfg
File: mt-ptm.cfg 2006/04/20 v1.7 microtype config. file: Times (RS)
)
LaTeX Font Info:    Trying to load font information for U+txmia on input line 1
.

(/usr/local/texlive/2020/texmf-dist/tex/latex/txfonts/utxmia.fd
File: utxmia.fd 2000/12/15 v3.1
)
LaTeX Font Info:    Trying to load font information for U+txsya on input line 1
.

(/usr/local/texlive/2020/texmf-dist/tex/latex/txfonts/utxsya.fd
File: utxsya.fd 2000/12/15 v3.1
)
LaTeX Font Info:    Trying to load font information for U+txsyb on input line 1
.

(/usr/local/texlive/2020/texmf-dist/tex/latex/txfonts/utxsyb.fd
File: utxsyb.fd 2000/12/15 v3.1
)
LaTeX Font Info:    Trying to load font information for U+txsyc on input line 1
.

(/usr/local/texlive/2020/texmf-dist/tex/latex/txfonts/utxsyc.fd
File: utxsyc.fd 2000/12/15 v3.1
))
\tf@toc=\write4
\openout4 = `main.toc'.

 [7


]
(./main.lot)
\tf@lot=\write5
\openout5 = `main.lot'.

 [8


] (./main.lof [9


]

LaTeX Warning: Citation `Cornblath2020-nc' on page x undefined on input line 8.


)
\tf@lof=\write6
\openout6 = `main.lof'.

 [10] [11]
Chapter 1.
pdfTeX warning (ext4): destination with the same identifier (name{page.1}) has 
been already used, duplicate ignored
<to be read again> 
                   \relax 
l.130 	
        [1


]pdfTeX warning (ext4): destination with the same identifier (name{page.2}) has
 been already used, duplicate ignored
<to be read again> 
                   \relax 
l.134 	
        [2]

Package hyperref Warning: Difference (2) between bookmark levels is greater 
(hyperref)                than one, level fixed on input line 139.

pdfTeX warning (ext4): destination with the same identifier (name{page.3}) has 
been already used, duplicate ignored
<to be read again> 
                   \relax 
l.141 
       [3]

LaTeX Warning: No positions in optional float specifier.
               Default added (so using `tbp') on input line 143.

<chapter1/Figure1.png, id=337, 1072.005pt x 717.68124pt>
File: chapter1/Figure1.png Graphic file (type png)
<use chapter1/Figure1.png>
Package pdftex.def Info: chapter1/Figure1.png  used on input line 145.
(pdftex.def)             Requested size: 419.16621pt x 280.61731pt.
[4] [5 <./chapter1/Figure1.png>] [6] [7]

LaTeX Warning: No positions in optional float specifier.
               Default added (so using `tbp') on input line 172.

<chapter1/Figure2.png, id=385, 520.94624pt x 717.68124pt>
File: chapter1/Figure2.png Graphic file (type png)
<use chapter1/Figure2.png>
Package pdftex.def Info: chapter1/Figure2.png  used on input line 174.
(pdftex.def)             Requested size: 318.56401pt x 438.86906pt.
[8] [9] [10 <./chapter1/Figure2.png>] [11] [12] [13] [14]
Overfull \hbox (29.3881pt too wide) detected at line 216
[]\OML/txmi/m/it/12 changeFM[] \OT1/txr/m/n/12 = \OML/txmi/m/it/12 ^^L[] \OT1/t
xr/m/n/12 + \OML/txmi/m/it/12 ^^L[]remapping[] \OT1/txr/m/n/12 + \OML/txmi/m/it
/12 ^^L[]scanlength[] \OT1/txr/m/n/12 + \OML/txmi/m/it/12 ^^L[]scanlength[] \OT
1/txr/m/n/12 + \OML/txmi/m/it/12 ^^L[]age[] \OT1/txr/m/n/12 + \OML/txmi/m/it/12
 ^^L[]sex[] \OT1/txr/m/n/12 + \OML/txmi/m/it/12 b[] \OT1/txr/m/n/12 + \OML/txmi
/m/it/12 ^^O[][]
 []


Underfull \hbox (badness 7362) in paragraph at lines 221--222
[]\OT1/ppl/m/n/12 (+20) The code for to repli-cate this anal-y-sis is avail-abl
e on GitHub:
 []

[15] [16]

LaTeX Warning: No positions in optional float specifier.
               Default added (so using `tbp') on input line 237.

<chapter1/Figure3.png, id=448, 1035.87pt x 1003.8303pt>
File: chapter1/Figure3.png Graphic file (type png)
<use chapter1/Figure3.png>
Package pdftex.def Info: chapter1/Figure3.png  used on input line 240.
(pdftex.def)             Requested size: 419.16621pt x 406.19676pt.

LaTeX Warning: No positions in optional float specifier.
               Default added (so using `tbp') on input line 247.

<chapter1/Figure4_Oct22.png, id=449, 331.9602pt x 385.44pt>
File: chapter1/Figure4_Oct22.png Graphic file (type png)
<use chapter1/Figure4_Oct22.png>
Package pdftex.def Info: chapter1/Figure4_Oct22.png  used on input line 250.
(pdftex.def)             Requested size: 419.16621pt x 486.72148pt.
<chapter1/Figure5.png, id=450, 1782.66pt x 893.2572pt>
File: chapter1/Figure5.png Graphic file (type png)
<use chapter1/Figure5.png>
Package pdftex.def Info: chapter1/Figure5.png  used on input line 259.
(pdftex.def)             Requested size: 419.16621pt x 210.03813pt.
[17] [18 <./chapter1/Figure3.png (PNG copy)>] [19 <./chapter1/Figure4_Oct22.png
 (PNG copy)>] [20 <./chapter1/Figure5.png>] [21]

LaTeX Warning: Citation `Osmanlioglu2020-xz' on page 22 undefined on input line
 273.


LaTeX Warning: Citation `Murphy2009-ez' on page 22 undefined on input line 275.



LaTeX Warning: Citation `Lee2015-nn' on page 22 undefined on input line 275.


LaTeX Warning: Citation `Kuceyeski2019-gt' on page 22 undefined on input line 2
75.


LaTeX Warning: Citation `Honey2009-xb' on page 22 undefined on input line 275.

[22]

LaTeX Warning: Citation `Guggisberg2019-lj' on page 23 undefined on input line 
277.

[23]

LaTeX Warning: Citation `Griffis2019-cy' on page 24 undefined on input line 279
.

[24]

LaTeX Warning: Citation `Mottolese2013-sd' on page 25 undefined on input line 2
83.

[25]

LaTeX Warning: Citation `Zhang2016-vg' on page 26 undefined on input line 287.


LaTeX Warning: Citation `Yourganov2021-hd' on page 26 undefined on input line 2
87.


LaTeX Warning: Citation `Krakauer2015-sy' on page 26 undefined on input line 29
1.

[26] [27]
Chapter 2.

LaTeX Warning: Citation `Braun2021-iy' on page 28 undefined on input line 301.


LaTeX Warning: Citation `Adhikari2020-tk' on page 28 undefined on input line 30
1.


LaTeX Warning: Citation `Kaiser2019-rf' on page 28 undefined on input line 301.



LaTeX Warning: Citation `Parker_Singleton2021-ur' on page 28 undefined on input
 line 301.


LaTeX Warning: Citation `Cornblath2020-nc' on page 28 undefined on input line 3
01.


LaTeX Warning: Citation `Savva2019-hk' on page 28 undefined on input line 303.


LaTeX Warning: Citation `Bonkhoff2020-bx' on page 28 undefined on input line 30
3.


LaTeX Warning: Citation `Bonkhoff2020-de' on page 28 undefined on input line 30
3.


LaTeX Warning: Citation `Cornblath2020-nc' on page 28 undefined on input line 3
05.


LaTeX Warning: Citation `Cornblath2020-nc' on page 28 undefined on input line 3
05.


LaTeX Warning: Citation `Zamani_Esfahlani2020-dn' on page 28 undefined on input
 line 305.


LaTeX Warning: Citation `Betzel2021-ve' on page 28 undefined on input line 305.



LaTeX Warning: Citation `Baker2014-zt' on page 28 undefined on input line 305.

[28

]

LaTeX Warning: Citation `Tscherpel2020-oi' on page 29 undefined on input line 3
07.


LaTeX Warning: Citation `Hensel2022-sl' on page 29 undefined on input line 307.



LaTeX Warning: Citation `Hordacre2021-ct' on page 29 undefined on input line 30
7.

[29]

LaTeX Warning: Citation `Cornblath2020-nc' on page 30 undefined on input line 3
09.

<chapter2/Figure1.png, id=521, 615.2586pt x 607.068pt>
File: chapter2/Figure1.png Graphic file (type png)
<use chapter2/Figure1.png>
Package pdftex.def Info: chapter2/Figure1.png  used on input line 313.
(pdftex.def)             Requested size: 419.16621pt x 413.58813pt.

LaTeX Warning: Citation `Cornblath2020-nc' on page 30 undefined on input line 3
14.


LaTeX Warning: Citation `Cornblath2020-nc' on page 30 undefined on input line 3
14.


LaTeX Warning: Citation `Fugl-Meyer1975-nh' on page 30 undefined on input line 
320.


LaTeX Warning: Citation `Olafson2021-qt' on page 30 undefined on input line 320
.

[30] [31 <./chapter2/Figure1.png (PNG copy)>]

LaTeX Warning: Citation `Avants2011-bl' on page 32 undefined on input line 325.


[32]

LaTeX Warning: Citation `Power2012-zm' on page 33 undefined on input line 328.

[33]

LaTeX Warning: Citation `Cornblath2020-nc' on page 34 undefined on input line 3
31.

[34]

LaTeX Warning: Citation `Desikan2006-vf' on page 35 undefined on input line 333
.


LaTeX Warning: Citation `Craddock2012-kl' on page 35 undefined on input line 33
3.

[35]

LaTeX Warning: Citation `Benjamini1995-bb' on page 36 undefined on input line 3
38.


LaTeX Warning: Citation `Tang2018-ac' on page 36 undefined on input line 341.


LaTeX Warning: Citation `De_Leener2017-ev' on page 36 undefined on input line 3
41.

[36] [37]

LaTeX Warning: Citation `Kundert2019-ou' on page 38 undefined on input line 374
.


LaTeX Warning: Citation `Hope2019-da' on page 38 undefined on input line 374.


LaTeX Warning: Citation `Kundert2019-ou' on page 38 undefined on input line 374
.

[38] [39]

LaTeX Warning: Citation `Baker2014-zt' on page 40 undefined on input line 383.

[40] [41]

LaTeX Warning: Citation `Olafson2022-ul' on page 42 undefined on input line 392
.


Overfull \hbox (125.13393pt too wide) in paragraph at lines 392--393
[]\OT1/ppl/m/n/12 (-20) The code to repli-cate this anal-y-sis is avail-able on
 GitHub: https://github.com/emilyolafson/dynamic-
 []

[42]
Chapter 3.

LaTeX Warning: Citation `Katan2018-qn' on page 43 undefined on input line 403.


LaTeX Warning: Citation `Kelly-Hayes2003-sp' on page 43 undefined on input line
 403.


LaTeX Warning: Citation `Bonkhoff2022-op' on page 43 undefined on input line 40
3.


LaTeX Warning: Citation `Boyd2017-gs' on page 43 undefined on input line 403.


LaTeX Warning: Citation `Tozlu2020-qa' on page 43 undefined on input line 403.


LaTeX Warning: Citation `Kuceyeski2016-vj' on page 43 undefined on input line 4
03.


LaTeX Warning: Citation `Griffis2019-cy' on page 43 undefined on input line 403
.


LaTeX Warning: Citation `Salvalaggio2020-pe' on page 43 undefined on input line
 403.


LaTeX Warning: Citation `Bowren2022-rs' on page 43 undefined on input line 403.



LaTeX Warning: Citation `Zhu2010-qh' on page 43 undefined on input line 405.


LaTeX Warning: Citation `Feng2015-du' on page 43 undefined on input line 405.


LaTeX Warning: Citation `Findlater2019-je' on page 43 undefined on input line 4
05.


LaTeX Warning: Citation `Lam2018-xh' on page 43 undefined on input line 405.


LaTeX Warning: Citation `Pineiro2000-dv' on page 43 undefined on input line 405
.


LaTeX Warning: Citation `Boyd2017-gs' on page 43 undefined on input line 405.


LaTeX Warning: Citation `Kim2017-xe' on page 43 undefined on input line 405.


LaTeX Warning: Citation `Park2016-te' on page 43 undefined on input line 405.


LaTeX Warning: Citation `Findlater2019-je' on page 43 undefined on input line 4
05.


LaTeX Warning: Citation `Ito2022-em' on page 43 undefined on input line 405.


LaTeX Warning: Citation `Rondina2016-ds' on page 43 undefined on input line 405
.


LaTeX Warning: Citation `Rondina2017-ij' on page 43 undefined on input line 405
.


LaTeX Warning: Citation `Schulz2012-yy' on page 43 undefined on input line 405.



LaTeX Warning: Citation `Park2016-te' on page 43 undefined on input line 405.


LaTeX Warning: Citation `Ito2022-em' on page 43 undefined on input line 405.

[43

]

LaTeX Warning: Citation `Mah2014-cb' on page 44 undefined on input line 407.


LaTeX Warning: Citation `Bzdok2020-py' on page 44 undefined on input line 407.


LaTeX Warning: Citation `Bonkhoff2022-op' on page 44 undefined on input line 40
7.


LaTeX Warning: Citation `Bates2003-eg' on page 44 undefined on input line 409.


LaTeX Warning: Citation `Karnath2020-cg' on page 44 undefined on input line 409
.


LaTeX Warning: Citation `Ivanova2021-nh' on page 44 undefined on input line 409
.


LaTeX Warning: Citation `Karnath2020-cg' on page 44 undefined on input line 409
.


LaTeX Warning: Citation `Zhang2014-jd' on page 44 undefined on input line 409.


LaTeX Warning: Citation `Sperber2019-tu' on page 44 undefined on input line 409
.


LaTeX Warning: Citation `Sperber2022-oj' on page 44 undefined on input line 409
.


LaTeX Warning: Citation `Bzdok2020-py' on page 44 undefined on input line 409.


LaTeX Warning: Citation `Bzdok2020-py' on page 44 undefined on input line 409.


LaTeX Warning: Citation `Bowren2022-rs' on page 44 undefined on input line 409.



LaTeX Warning: Citation `Mah2014-cb' on page 44 undefined on input line 409.


LaTeX Warning: Citation `Rondina2017-ij' on page 44 undefined on input line 409
.


LaTeX Warning: Citation `Sperber2020-kp' on page 44 undefined on input line 409
.


LaTeX Warning: Citation `Zhang2014-jd' on page 44 undefined on input line 409.


LaTeX Warning: Citation `Bowren2022-rs' on page 44 undefined on input line 409.



LaTeX Warning: Citation `Bowren2022-rs' on page 44 undefined on input line 409.


[44]

LaTeX Warning: Citation `Bowren2022-rs' on page 45 undefined on input line 411.



LaTeX Warning: Citation `Kimberg2007-sk' on page 45 undefined on input line 411
.


LaTeX Warning: Citation `Rorden2009-ae' on page 45 undefined on input line 411.



LaTeX Warning: Citation `Sperber2020-kp' on page 45 undefined on input line 411
.


LaTeX Warning: Citation `Griffis2019-cy' on page 45 undefined on input line 411
.


LaTeX Warning: Citation `Kuceyeski2016-vj' on page 45 undefined on input line 4
11.


LaTeX Warning: Citation `Salvalaggio2020-pe' on page 45 undefined on input line
 411.


LaTeX Warning: Citation `Griffis2019-cy' on page 45 undefined on input line 411
.


LaTeX Warning: Citation `Sperber2022-oj' on page 45 undefined on input line 411
.


LaTeX Warning: Citation `Kasties2021-rm' on page 45 undefined on input line 411
.


LaTeX Warning: Citation `Liew2020-ps' on page 45 undefined on input line 411.

[45] [46] (./main.bbl [47] [48

] [49] [50] [51] [52] [53] [54] [55] [56]
[57])
Package atveryend Info: Empty hook `BeforeClearDocument' on input line 422.
 [58]
Package atveryend Info: Empty hook `AfterLastShipout' on input line 422.
 (./main.aux)
Package atveryend Info: Executing hook `AtVeryEndDocument' on input line 422.
Package atveryend Info: Executing hook `AtEndAfterFileList' on input line 422.
Package rerunfilecheck Info: File `main.out' has not changed.
(rerunfilecheck)             Checksum: 6BA774D5E007A330D69585FE76178645;2068.


LaTeX Warning: There were undefined references.


LaTeX Warning: Label(s) may have changed. Rerun to get cross-references right.

Package atveryend Info: Empty hook `AtVeryVeryEnd' on input line 422.
 ) 
Here is how much of TeX's memory you used:
 18260 strings out of 480608
 312636 string characters out of 5903631
 761720 words of memory out of 5000000
 33296 multiletter control sequences out of 15000+600000
 601795 words of font info for 336 fonts, out of 8000000 for 9000
 1141 hyphenation exceptions out of 8191
 55i,6n,96p,2320b,520s stack positions out of 5000i,500n,10000p,200000b,80000s
{/usr/local/texlive/2020/texmf-dist/fonts/enc/dvips/base/8r.enc}</usr/local/t
exlive/2020/texmf-dist/fonts/type1/public/txfonts/rtxmi.pfb></usr/local/texlive
/2020/texmf-dist/fonts/type1/public/txfonts/rtxr.pfb></usr/local/texlive/2020/t
exmf-dist/fonts/type1/public/txfonts/txex.pfb></usr/local/texlive/2020/texmf-di
st/fonts/type1/public/txfonts/txsy.pfb></usr/local/texlive/2020/texmf-dist/font
s/type1/public/txfonts/txsyb.pfb></usr/local/texlive/2020/texmf-dist/fonts/type
1/urw/palatino/uplb8a.pfb></usr/local/texlive/2020/texmf-dist/fonts/type1/urw/p
alatino/uplr8a.pfb></usr/local/texlive/2020/texmf-dist/fonts/type1/urw/palatino
/uplri8a.pfb></usr/local/texlive/2020/texmf-dist/fonts/type1/urw/times/utmr8a.p
fb></usr/local/texlive/2020/texmf-dist/fonts/type1/urw/times/utmri8a.pfb>
Output written on main.pdf (70 pages, 10348958 bytes).
PDF statistics:
 827 PDF objects out of 1000 (max. 8388607)
 728 compressed objects within 8 object streams
 224 named destinations out of 1000 (max. 500000)
 27903 words of extra memory for PDF output out of 29859 (max. 10000000)

